# JRE version: OpenJDK Runtime Environment (7.0_85-b01) (build 1.7.0_85-b01)
# Java VM: OpenJDK 64-Bit Server VM (24.85-b03 mixed mode linux-amd64 compressed oops)
Heap
 PSYoungGen      total 137216K, used 32K [0x00000000f2200000, 0x00000000fab00000, 0x0000000100000000)
  eden space 134656K, 0% used [0x00000000f2200000,0x00000000f2200000,0x00000000fa580000)
  from space 2560K, 1% used [0x00000000fa580000,0x00000000fa588000,0x00000000fa800000)
  to   space 2048K, 0% used [0x00000000fa800000,0x00000000fa800000,0x00000000faa00000)
 ParOldGen       total 19456K, used 5116K [0x00000000d6600000, 0x00000000d7900000, 0x00000000f2200000)
  object space 19456K, 26% used [0x00000000d6600000,0x00000000d6aff270,0x00000000d7900000)
 PSPermGen       total 21504K, used 19803K [0x00000000cc000000, 0x00000000cd500000, 0x00000000d6600000)
  object space 21504K, 92% used [0x00000000cc000000,0x00000000cd356d38,0x00000000cd500000)
GC Heap History (10 events):
Event: 9,093 GC heap after
Heap after GC invocations=10 (full 0):
 PSYoungGen      total 54272K, used 1024K [0x00000000f2200000, 0x00000000f5980000, 0x0000000100000000)
  eden space 52736K, 0% used [0x00000000f2200000,0x00000000f2200000,0x00000000f5580000)
  from space 1536K, 66% used [0x00000000f5800000,0x00000000f5900000,0x00000000f5980000)
  to   space 2048K, 0% used [0x00000000f5580000,0x00000000f5580000,0x00000000f5780000)
 ParOldGen       total 19456K, used 3137K [0x00000000d6600000, 0x00000000d7900000, 0x00000000f2200000)
  object space 19456K, 16% used [0x00000000d6600000,0x00000000d69106f0,0x00000000d7900000)
 PSPermGen       total 21504K, used 15732K [0x00000000cc000000, 0x00000000cd500000, 0x00000000d6600000)
  object space 21504K, 73% used [0x00000000cc000000,0x00000000ccf5d180,0x00000000cd500000)
}
Event: 9,467 GC heap before
{Heap before GC invocations=11 (full 0):
 PSYoungGen      total 54272K, used 53760K [0x00000000f2200000, 0x00000000f5980000, 0x0000000100000000)
  eden space 52736K, 100% used [0x00000000f2200000,0x00000000f5580000,0x00000000f5580000)
  from space 1536K, 66% used [0x00000000f5800000,0x00000000f5900000,0x00000000f5980000)
  to   space 2048K, 0% used [0x00000000f5580000,0x00000000f5580000,0x00000000f5780000)
 ParOldGen       total 19456K, used 3137K [0x00000000d6600000, 0x00000000d7900000, 0x00000000f2200000)
  object space 19456K, 16% used [0x00000000d6600000,0x00000000d69106f0,0x00000000d7900000)
 PSPermGen       total 21504K, used 17566K [0x00000000cc000000, 0x00000000cd500000, 0x00000000d6600000)
  object space 21504K, 81% used [0x00000000cc000000,0x00000000cd127ba0,0x00000000cd500000)
Event: 9,471 GC heap after
Heap after GC invocations=11 (full 0):
 PSYoungGen      total 54784K, used 1020K [0x00000000f2200000, 0x00000000f7880000, 0x0000000100000000)
  eden space 52736K, 0% used [0x00000000f2200000,0x00000000f2200000,0x00000000f5580000)
  from space 2048K, 49% used [0x00000000f5580000,0x00000000f567f180,0x00000000f5780000)
  to   space 2048K, 0% used [0x00000000f7680000,0x00000000f7680000,0x00000000f7880000)
 ParOldGen       total 19456K, used 3815K [0x00000000d6600000, 0x00000000d7900000, 0x00000000f2200000)
  object space 19456K, 19% used [0x00000000d6600000,0x00000000d69b9c40,0x00000000d7900000)
 PSPermGen       total 21504K, used 17566K [0x00000000cc000000, 0x00000000cd500000, 0x00000000d6600000)
  object space 21504K, 81% used [0x00000000cc000000,0x00000000cd127ba0,0x00000000cd500000)
}
Event: 9,984 GC heap before
{Heap before GC invocations=12 (full 0):
 PSYoungGen      total 54784K, used 53756K [0x00000000f2200000, 0x00000000f7880000, 0x0000000100000000)
  eden space 52736K, 100% used [0x00000000f2200000,0x00000000f5580000,0x00000000f5580000)
  from space 2048K, 49% used [0x00000000f5580000,0x00000000f567f180,0x00000000f5780000)
  to   space 2048K, 0% used [0x00000000f7680000,0x00000000f7680000,0x00000000f7880000)
 ParOldGen       total 19456K, used 3815K [0x00000000d6600000, 0x00000000d7900000, 0x00000000f2200000)
  object space 19456K, 19% used [0x00000000d6600000,0x00000000d69b9c40,0x00000000d7900000)
 PSPermGen       total 21504K, used 19198K [0x00000000cc000000, 0x00000000cd500000, 0x00000000d6600000)
  object space 21504K, 89% used [0x00000000cc000000,0x00000000cd2bfbd0,0x00000000cd500000)
Event: 9,988 GC heap after
Heap after GC invocations=12 (full 0):
 PSYoungGen      total 86528K, used 1248K [0x00000000f2200000, 0x00000000f7880000, 0x0000000100000000)
  eden space 84480K, 0% used [0x00000000f2200000,0x00000000f2200000,0x00000000f7480000)
  from space 2048K, 60% used [0x00000000f7680000,0x00000000f77b8118,0x00000000f7880000)
  to   space 2048K, 0% used [0x00000000f7480000,0x00000000f7480000,0x00000000f7680000)
 ParOldGen       total 19456K, used 4289K [0x00000000d6600000, 0x00000000d7900000, 0x00000000f2200000)
  object space 19456K, 22% used [0x00000000d6600000,0x00000000d6a30680,0x00000000d7900000)
 PSPermGen       total 21504K, used 19198K [0x00000000cc000000, 0x00000000cd500000, 0x00000000d6600000)
  object space 21504K, 89% used [0x00000000cc000000,0x00000000cd2bfbd0,0x00000000cd500000)
}
Event: 10,511 GC heap before
{Heap before GC invocations=13 (full 0):
 PSYoungGen      total 86528K, used 85728K [0x00000000f2200000, 0x00000000f7880000, 0x0000000100000000)
  eden space 84480K, 100% used [0x00000000f2200000,0x00000000f7480000,0x00000000f7480000)
  from space 2048K, 60% used [0x00000000f7680000,0x00000000f77b8118,0x00000000f7880000)
  to   space 2048K, 0% used [0x00000000f7480000,0x00000000f7480000,0x00000000f7680000)
 ParOldGen       total 19456K, used 4289K [0x00000000d6600000, 0x00000000d7900000, 0x00000000f2200000)
  object space 19456K, 22% used [0x00000000d6600000,0x00000000d6a30680,0x00000000d7900000)
 PSPermGen       total 21504K, used 19803K [0x00000000cc000000, 0x00000000cd500000, 0x00000000d6600000)
  object space 21504K, 92% used [0x00000000cc000000,0x00000000cd356d38,0x00000000cd500000)
Event: 10,514 GC heap after
Heap after GC invocations=13 (full 0):
 PSYoungGen      total 86528K, used 128K [0x00000000f2200000, 0x00000000faa00000, 0x0000000100000000)
  eden space 84480K, 0% used [0x00000000f2200000,0x00000000f2200000,0x00000000f7480000)
  from space 2048K, 6% used [0x00000000f7480000,0x00000000f74a0000,0x00000000f7680000)
  to   space 2048K, 0% used [0x00000000fa800000,0x00000000fa800000,0x00000000faa00000)
 ParOldGen       total 19456K, used 5036K [0x00000000d6600000, 0x00000000d7900000, 0x00000000f2200000)
  object space 19456K, 25% used [0x00000000d6600000,0x00000000d6aeb270,0x00000000d7900000)
 PSPermGen       total 21504K, used 19803K [0x00000000cc000000, 0x00000000cd500000, 0x00000000d6600000)
  object space 21504K, 92% used [0x00000000cc000000,0x00000000cd356d38,0x00000000cd500000)
}
Event: 10,774 GC heap before
{Heap before GC invocations=14 (full 0):
 PSYoungGen      total 86528K, used 84608K [0x00000000f2200000, 0x00000000faa00000, 0x0000000100000000)
  eden space 84480K, 100% used [0x00000000f2200000,0x00000000f7480000,0x00000000f7480000)
  from space 2048K, 6% used [0x00000000f7480000,0x00000000f74a0000,0x00000000f7680000)
  to   space 2048K, 0% used [0x00000000fa800000,0x00000000fa800000,0x00000000faa00000)
 ParOldGen       total 19456K, used 5036K [0x00000000d6600000, 0x00000000d7900000, 0x00000000f2200000)
  object space 19456K, 25% used [0x00000000d6600000,0x00000000d6aeb270,0x00000000d7900000)
 PSPermGen       total 21504K, used 19803K [0x00000000cc000000, 0x00000000cd500000, 0x00000000d6600000)
  object space 21504K, 92% used [0x00000000cc000000,0x00000000cd356d38,0x00000000cd500000)
Event: 10,775 GC heap after
Heap after GC invocations=14 (full 0):
 PSYoungGen      total 136704K, used 64K [0x00000000f2200000, 0x00000000fab00000, 0x0000000100000000)
  eden space 134656K, 0% used [0x00000000f2200000,0x00000000f2200000,0x00000000fa580000)
  from space 2048K, 3% used [0x00000000fa800000,0x00000000fa810000,0x00000000faa00000)
  to   space 2560K, 0% used [0x00000000fa580000,0x00000000fa580000,0x00000000fa800000)
 ParOldGen       total 19456K, used 5116K [0x00000000d6600000, 0x00000000d7900000, 0x00000000f2200000)
  object space 19456K, 26% used [0x00000000d6600000,0x00000000d6aff270,0x00000000d7900000)
 PSPermGen       total 21504K, used 19803K [0x00000000cc000000, 0x00000000cd500000, 0x00000000d6600000)
  object space 21504K, 92% used [0x00000000cc000000,0x00000000cd356d38,0x00000000cd500000)
}
Event: 11,224 GC heap before
{Heap before GC invocations=15 (full 0):
 PSYoungGen      total 136704K, used 134720K [0x00000000f2200000, 0x00000000fab00000, 0x0000000100000000)
  eden space 134656K, 100% used [0x00000000f2200000,0x00000000fa580000,0x00000000fa580000)
  from space 2048K, 3% used [0x00000000fa800000,0x00000000fa810000,0x00000000faa00000)
  to   space 2560K, 0% used [0x00000000fa580000,0x00000000fa580000,0x00000000fa800000)
 ParOldGen       total 19456K, used 5116K [0x00000000d6600000, 0x00000000d7900000, 0x00000000f2200000)
  object space 19456K, 26% used [0x00000000d6600000,0x00000000d6aff270,0x00000000d7900000)
 PSPermGen       total 21504K, used 19803K [0x00000000cc000000, 0x00000000cd500000, 0x00000000d6600000)
  object space 21504K, 92% used [0x00000000cc000000,0x00000000cd356d38,0x00000000cd500000)

