# JRE version: OpenJDK Runtime Environment (7.0_85-b01) (build 1.7.0_85-b01)
# Java VM: OpenJDK 64-Bit Server VM (24.85-b03 mixed mode linux-amd64 compressed oops)
Heap
 PSYoungGen      total 135168K, used 256K [0x00000000f2200000, 0x00000000fa800000, 0x0000000100000000)
  eden space 133120K, 0% used [0x00000000f2200000,0x00000000f2200000,0x00000000fa400000)
  from space 2048K, 12% used [0x00000000fa400000,0x00000000fa440000,0x00000000fa600000)
  to   space 2048K, 0% used [0x00000000fa600000,0x00000000fa600000,0x00000000fa800000)
 ParOldGen       total 19456K, used 5014K [0x00000000d6600000, 0x00000000d7900000, 0x00000000f2200000)
  object space 19456K, 25% used [0x00000000d6600000,0x00000000d6ae58b0,0x00000000d7900000)
 PSPermGen       total 21504K, used 20914K [0x00000000cc000000, 0x00000000cd500000, 0x00000000d6600000)
  object space 21504K, 97% used [0x00000000cc000000,0x00000000cd46c848,0x00000000cd500000)
GC Heap History (10 events):
Event: 16,969 GC heap after
Heap after GC invocations=10 (full 0):
 PSYoungGen      total 53760K, used 992K [0x00000000f2200000, 0x00000000f5880000, 0x0000000100000000)
  eden space 51712K, 0% used [0x00000000f2200000,0x00000000f2200000,0x00000000f5480000)
  from space 2048K, 48% used [0x00000000f5680000,0x00000000f5778010,0x00000000f5880000)
  to   space 2048K, 0% used [0x00000000f5480000,0x00000000f5480000,0x00000000f5680000)
 ParOldGen       total 19456K, used 2721K [0x00000000d6600000, 0x00000000d7900000, 0x00000000f2200000)
  object space 19456K, 13% used [0x00000000d6600000,0x00000000d68a86f0,0x00000000d7900000)
 PSPermGen       total 21504K, used 14044K [0x00000000cc000000, 0x00000000cd500000, 0x00000000d6600000)
  object space 21504K, 65% used [0x00000000cc000000,0x00000000ccdb7210,0x00000000cd500000)
}
Event: 17,560 GC heap before
{Heap before GC invocations=11 (full 0):
 PSYoungGen      total 53760K, used 52704K [0x00000000f2200000, 0x00000000f5880000, 0x0000000100000000)
  eden space 51712K, 100% used [0x00000000f2200000,0x00000000f5480000,0x00000000f5480000)
  from space 2048K, 48% used [0x00000000f5680000,0x00000000f5778010,0x00000000f5880000)
  to   space 2048K, 0% used [0x00000000f5480000,0x00000000f5480000,0x00000000f5680000)
 ParOldGen       total 19456K, used 2721K [0x00000000d6600000, 0x00000000d7900000, 0x00000000f2200000)
  object space 19456K, 13% used [0x00000000d6600000,0x00000000d68a86f0,0x00000000d7900000)
 PSPermGen       total 21504K, used 16508K [0x00000000cc000000, 0x00000000cd500000, 0x00000000d6600000)
  object space 21504K, 76% used [0x00000000cc000000,0x00000000cd01f0f0,0x00000000cd500000)
Event: 17,566 GC heap after
Heap after GC invocations=11 (full 0):
 PSYoungGen      total 53760K, used 1058K [0x00000000f2200000, 0x00000000f7700000, 0x0000000100000000)
  eden space 51712K, 0% used [0x00000000f2200000,0x00000000f2200000,0x00000000f5480000)
  from space 2048K, 51% used [0x00000000f5480000,0x00000000f5588b38,0x00000000f5680000)
  to   space 2048K, 0% used [0x00000000f7500000,0x00000000f7500000,0x00000000f7700000)
 ParOldGen       total 19456K, used 3360K [0x00000000d6600000, 0x00000000d7900000, 0x00000000f2200000)
  object space 19456K, 17% used [0x00000000d6600000,0x00000000d6948158,0x00000000d7900000)
 PSPermGen       total 21504K, used 16508K [0x00000000cc000000, 0x00000000cd500000, 0x00000000d6600000)
  object space 21504K, 76% used [0x00000000cc000000,0x00000000cd01f0f0,0x00000000cd500000)
}
Event: 18,107 GC heap before
{Heap before GC invocations=12 (full 0):
 PSYoungGen      total 53760K, used 52770K [0x00000000f2200000, 0x00000000f7700000, 0x0000000100000000)
  eden space 51712K, 100% used [0x00000000f2200000,0x00000000f5480000,0x00000000f5480000)
  from space 2048K, 51% used [0x00000000f5480000,0x00000000f5588b38,0x00000000f5680000)
  to   space 2048K, 0% used [0x00000000f7500000,0x00000000f7500000,0x00000000f7700000)
 ParOldGen       total 19456K, used 3360K [0x00000000d6600000, 0x00000000d7900000, 0x00000000f2200000)
  object space 19456K, 17% used [0x00000000d6600000,0x00000000d6948158,0x00000000d7900000)
 PSPermGen       total 21504K, used 18756K [0x00000000cc000000, 0x00000000cd500000, 0x00000000d6600000)
  object space 21504K, 87% used [0x00000000cc000000,0x00000000cd251148,0x00000000cd500000)
Event: 18,111 GC heap after
Heap after GC invocations=12 (full 0):
 PSYoungGen      total 84992K, used 1171K [0x00000000f2200000, 0x00000000f7700000, 0x0000000100000000)
  eden space 82944K, 0% used [0x00000000f2200000,0x00000000f2200000,0x00000000f7300000)
  from space 2048K, 57% used [0x00000000f7500000,0x00000000f7624e68,0x00000000f7700000)
  to   space 2048K, 0% used [0x00000000f7300000,0x00000000f7300000,0x00000000f7500000)
 ParOldGen       total 19456K, used 3945K [0x00000000d6600000, 0x00000000d7900000, 0x00000000f2200000)
  object space 19456K, 20% used [0x00000000d6600000,0x00000000d69da590,0x00000000d7900000)
 PSPermGen       total 21504K, used 18756K [0x00000000cc000000, 0x00000000cd500000, 0x00000000d6600000)
  object space 21504K, 87% used [0x00000000cc000000,0x00000000cd251148,0x00000000cd500000)
}
Event: 18,385 GC heap before
{Heap before GC invocations=13 (full 0):
 PSYoungGen      total 84992K, used 84115K [0x00000000f2200000, 0x00000000f7700000, 0x0000000100000000)
  eden space 82944K, 100% used [0x00000000f2200000,0x00000000f7300000,0x00000000f7300000)
  from space 2048K, 57% used [0x00000000f7500000,0x00000000f7624e68,0x00000000f7700000)
  to   space 2048K, 0% used [0x00000000f7300000,0x00000000f7300000,0x00000000f7500000)
 ParOldGen       total 19456K, used 3945K [0x00000000d6600000, 0x00000000d7900000, 0x00000000f2200000)
  object space 19456K, 20% used [0x00000000d6600000,0x00000000d69da590,0x00000000d7900000)
 PSPermGen       total 21504K, used 19611K [0x00000000cc000000, 0x00000000cd500000, 0x00000000d6600000)
  object space 21504K, 91% used [0x00000000cc000000,0x00000000cd326d60,0x00000000cd500000)
Event: 18,388 GC heap after
Heap after GC invocations=13 (full 0):
 PSYoungGen      total 84992K, used 256K [0x00000000f2200000, 0x00000000fa800000, 0x0000000100000000)
  eden space 82944K, 0% used [0x00000000f2200000,0x00000000f2200000,0x00000000f7300000)
  from space 2048K, 12% used [0x00000000f7300000,0x00000000f7340000,0x00000000f7500000)
  to   space 2048K, 0% used [0x00000000fa600000,0x00000000fa600000,0x00000000fa800000)
 ParOldGen       total 19456K, used 4593K [0x00000000d6600000, 0x00000000d7900000, 0x00000000f2200000)
  object space 19456K, 23% used [0x00000000d6600000,0x00000000d6a7c570,0x00000000d7900000)
 PSPermGen       total 21504K, used 19611K [0x00000000cc000000, 0x00000000cd500000, 0x00000000d6600000)
  object space 21504K, 91% used [0x00000000cc000000,0x00000000cd326d60,0x00000000cd500000)
}
Event: 18,698 GC heap before
{Heap before GC invocations=14 (full 0):
 PSYoungGen      total 84992K, used 83200K [0x00000000f2200000, 0x00000000fa800000, 0x0000000100000000)
  eden space 82944K, 100% used [0x00000000f2200000,0x00000000f7300000,0x00000000f7300000)
  from space 2048K, 12% used [0x00000000f7300000,0x00000000f7340000,0x00000000f7500000)
  to   space 2048K, 0% used [0x00000000fa600000,0x00000000fa600000,0x00000000fa800000)
 ParOldGen       total 19456K, used 4593K [0x00000000d6600000, 0x00000000d7900000, 0x00000000f2200000)
  object space 19456K, 23% used [0x00000000d6600000,0x00000000d6a7c570,0x00000000d7900000)
 PSPermGen       total 21504K, used 20067K [0x00000000cc000000, 0x00000000cd500000, 0x00000000d6600000)
  object space 21504K, 93% used [0x00000000cc000000,0x00000000cd398c70,0x00000000cd500000)
Event: 18,699 GC heap after
Heap after GC invocations=14 (full 0):
 PSYoungGen      total 135168K, used 352K [0x00000000f2200000, 0x00000000fa800000, 0x0000000100000000)
  eden space 133120K, 0% used [0x00000000f2200000,0x00000000f2200000,0x00000000fa400000)
  from space 2048K, 17% used [0x00000000fa600000,0x00000000fa658000,0x00000000fa800000)
  to   space 2048K, 0% used [0x00000000fa400000,0x00000000fa400000,0x00000000fa600000)
 ParOldGen       total 19456K, used 4734K [0x00000000d6600000, 0x00000000d7900000, 0x00000000f2200000)
  object space 19456K, 24% used [0x00000000d6600000,0x00000000d6a9f8b0,0x00000000d7900000)
 PSPermGen       total 21504K, used 20067K [0x00000000cc000000, 0x00000000cd500000, 0x00000000d6600000)
  object space 21504K, 93% used [0x00000000cc000000,0x00000000cd398c70,0x00000000cd500000)
}
Event: 19,201 GC heap before
{Heap before GC invocations=15 (full 0):
 PSYoungGen      total 135168K, used 133472K [0x00000000f2200000, 0x00000000fa800000, 0x0000000100000000)
  eden space 133120K, 100% used [0x00000000f2200000,0x00000000fa400000,0x00000000fa400000)
  from space 2048K, 17% used [0x00000000fa600000,0x00000000fa658000,0x00000000fa800000)
  to   space 2048K, 0% used [0x00000000fa400000,0x00000000fa400000,0x00000000fa600000)
 ParOldGen       total 19456K, used 4734K [0x00000000d6600000, 0x00000000d7900000, 0x00000000f2200000)
  object space 19456K, 24% used [0x00000000d6600000,0x00000000d6a9f8b0,0x00000000d7900000)
 PSPermGen       total 21504K, used 20914K [0x00000000cc000000, 0x00000000cd500000, 0x00000000d6600000)
  object space 21504K, 97% used [0x00000000cc000000,0x00000000cd46c848,0x00000000cd500000)

