# JRE version: OpenJDK Runtime Environment (7.0_85-b01) (build 1.7.0_85-b01)
# Java VM: OpenJDK 64-Bit Server VM (24.85-b03 mixed mode linux-amd64 compressed oops)
Heap
 PSYoungGen      total 56320K, used 3715K [0x00000000f2200000, 0x00000000fe800000, 0x0000000100000000)
  eden space 55808K, 6% used [0x00000000f2200000,0x00000000f2564c40,0x00000000f5880000)
  from space 512K, 46% used [0x00000000fe700000,0x00000000fe73c010,0x00000000fe780000)
  to   space 512K, 0% used [0x00000000fe780000,0x00000000fe780000,0x00000000fe800000)
 ParOldGen       total 19456K, used 7892K [0x00000000d6600000, 0x00000000d7900000, 0x00000000f2200000)
  object space 19456K, 40% used [0x00000000d6600000,0x00000000d6db52f0,0x00000000d7900000)
 PSPermGen       total 23552K, used 23169K [0x00000000cc000000, 0x00000000cd700000, 0x00000000d6600000)
  object space 23552K, 98% used [0x00000000cc000000,0x00000000cd6a0470,0x00000000cd700000)
GC Heap History (10 events):
Event: 15,928 GC heap before
{Heap before GC invocations=49 (full 0):
 PSYoungGen      total 68608K, used 68192K [0x00000000f2200000, 0x00000000fe800000, 0x0000000100000000)
  eden space 68096K, 100% used [0x00000000f2200000,0x00000000f6480000,0x00000000f6480000)
  from space 512K, 18% used [0x00000000fe780000,0x00000000fe798000,0x00000000fe800000)
  to   space 512K, 0% used [0x00000000fe700000,0x00000000fe700000,0x00000000fe780000)
 ParOldGen       total 19456K, used 7274K [0x00000000d6600000, 0x00000000d7900000, 0x00000000f2200000)
  object space 19456K, 37% used [0x00000000d6600000,0x00000000d6d1ab00,0x00000000d7900000)
 PSPermGen       total 22016K, used 21683K [0x00000000cc000000, 0x00000000cd580000, 0x00000000d6600000)
  object space 22016K, 98% used [0x00000000cc000000,0x00000000cd52ce88,0x00000000cd580000)
Event: 15,930 GC heap after
Heap after GC invocations=49 (full 0):
 PSYoungGen      total 66048K, used 288K [0x00000000f2200000, 0x00000000fe800000, 0x0000000100000000)
  eden space 65536K, 0% used [0x00000000f2200000,0x00000000f2200000,0x00000000f6200000)
  from space 512K, 56% used [0x00000000fe700000,0x00000000fe748000,0x00000000fe780000)
  to   space 512K, 0% used [0x00000000fe780000,0x00000000fe780000,0x00000000fe800000)
 ParOldGen       total 19456K, used 7322K [0x00000000d6600000, 0x00000000d7900000, 0x00000000f2200000)
  object space 19456K, 37% used [0x00000000d6600000,0x00000000d6d26b00,0x00000000d7900000)
 PSPermGen       total 22016K, used 21683K [0x00000000cc000000, 0x00000000cd580000, 0x00000000d6600000)
  object space 22016K, 98% used [0x00000000cc000000,0x00000000cd52ce88,0x00000000cd580000)
}
Event: 16,111 GC heap before
{Heap before GC invocations=50 (full 0):
 PSYoungGen      total 66048K, used 65824K [0x00000000f2200000, 0x00000000fe800000, 0x0000000100000000)
  eden space 65536K, 100% used [0x00000000f2200000,0x00000000f6200000,0x00000000f6200000)
  from space 512K, 56% used [0x00000000fe700000,0x00000000fe748000,0x00000000fe780000)
  to   space 512K, 0% used [0x00000000fe780000,0x00000000fe780000,0x00000000fe800000)
 ParOldGen       total 19456K, used 7322K [0x00000000d6600000, 0x00000000d7900000, 0x00000000f2200000)
  object space 19456K, 37% used [0x00000000d6600000,0x00000000d6d26b00,0x00000000d7900000)
 PSPermGen       total 22528K, used 22127K [0x00000000cc000000, 0x00000000cd600000, 0x00000000d6600000)
  object space 22528K, 98% used [0x00000000cc000000,0x00000000cd59be38,0x00000000cd600000)
Event: 16,113 GC heap after
Heap after GC invocations=50 (full 0):
 PSYoungGen      total 63488K, used 192K [0x00000000f2200000, 0x00000000fe800000, 0x0000000100000000)
  eden space 62976K, 0% used [0x00000000f2200000,0x00000000f2200000,0x00000000f5f80000)
  from space 512K, 37% used [0x00000000fe780000,0x00000000fe7b0000,0x00000000fe800000)
  to   space 512K, 0% used [0x00000000fe700000,0x00000000fe700000,0x00000000fe780000)
 ParOldGen       total 19456K, used 7524K [0x00000000d6600000, 0x00000000d7900000, 0x00000000f2200000)
  object space 19456K, 38% used [0x00000000d6600000,0x00000000d6d592f0,0x00000000d7900000)
 PSPermGen       total 22528K, used 22127K [0x00000000cc000000, 0x00000000cd600000, 0x00000000d6600000)
  object space 22528K, 98% used [0x00000000cc000000,0x00000000cd59be38,0x00000000cd600000)
}
Event: 16,308 GC heap before
{Heap before GC invocations=51 (full 0):
 PSYoungGen      total 63488K, used 63168K [0x00000000f2200000, 0x00000000fe800000, 0x0000000100000000)
  eden space 62976K, 100% used [0x00000000f2200000,0x00000000f5f80000,0x00000000f5f80000)
  from space 512K, 37% used [0x00000000fe780000,0x00000000fe7b0000,0x00000000fe800000)
  to   space 512K, 0% used [0x00000000fe700000,0x00000000fe700000,0x00000000fe780000)
 ParOldGen       total 19456K, used 7524K [0x00000000d6600000, 0x00000000d7900000, 0x00000000f2200000)
  object space 19456K, 38% used [0x00000000d6600000,0x00000000d6d592f0,0x00000000d7900000)
 PSPermGen       total 22528K, used 22493K [0x00000000cc000000, 0x00000000cd600000, 0x00000000d6600000)
  object space 22528K, 99% used [0x00000000cc000000,0x00000000cd5f7758,0x00000000cd600000)
Event: 16,309 GC heap after
Heap after GC invocations=51 (full 0):
 PSYoungGen      total 60928K, used 288K [0x00000000f2200000, 0x00000000fe800000, 0x0000000100000000)
  eden space 60416K, 0% used [0x00000000f2200000,0x00000000f2200000,0x00000000f5d00000)
  from space 512K, 56% used [0x00000000fe700000,0x00000000fe748000,0x00000000fe780000)
  to   space 512K, 0% used [0x00000000fe780000,0x00000000fe780000,0x00000000fe800000)
 ParOldGen       total 19456K, used 7644K [0x00000000d6600000, 0x00000000d7900000, 0x00000000f2200000)
  object space 19456K, 39% used [0x00000000d6600000,0x00000000d6d772f0,0x00000000d7900000)
 PSPermGen       total 22528K, used 22493K [0x00000000cc000000, 0x00000000cd600000, 0x00000000d6600000)
  object space 22528K, 99% used [0x00000000cc000000,0x00000000cd5f7758,0x00000000cd600000)
}
Event: 16,463 GC heap before
{Heap before GC invocations=52 (full 0):
 PSYoungGen      total 60928K, used 60704K [0x00000000f2200000, 0x00000000fe800000, 0x0000000100000000)
  eden space 60416K, 100% used [0x00000000f2200000,0x00000000f5d00000,0x00000000f5d00000)
  from space 512K, 56% used [0x00000000fe700000,0x00000000fe748000,0x00000000fe780000)
  to   space 512K, 0% used [0x00000000fe780000,0x00000000fe780000,0x00000000fe800000)
 ParOldGen       total 19456K, used 7644K [0x00000000d6600000, 0x00000000d7900000, 0x00000000f2200000)
  object space 19456K, 39% used [0x00000000d6600000,0x00000000d6d772f0,0x00000000d7900000)
 PSPermGen       total 23040K, used 22621K [0x00000000cc000000, 0x00000000cd680000, 0x00000000d6600000)
  object space 23040K, 98% used [0x00000000cc000000,0x00000000cd617438,0x00000000cd680000)
Event: 16,465 GC heap after
Heap after GC invocations=52 (full 0):
 PSYoungGen      total 58368K, used 128K [0x00000000f2200000, 0x00000000fe800000, 0x0000000100000000)
  eden space 57856K, 0% used [0x00000000f2200000,0x00000000f2200000,0x00000000f5a80000)
  from space 512K, 25% used [0x00000000fe780000,0x00000000fe7a0000,0x00000000fe800000)
  to   space 512K, 0% used [0x00000000fe700000,0x00000000fe700000,0x00000000fe780000)
 ParOldGen       total 19456K, used 7812K [0x00000000d6600000, 0x00000000d7900000, 0x00000000f2200000)
  object space 19456K, 40% used [0x00000000d6600000,0x00000000d6da12f0,0x00000000d7900000)
 PSPermGen       total 23040K, used 22621K [0x00000000cc000000, 0x00000000cd680000, 0x00000000d6600000)
  object space 23040K, 98% used [0x00000000cc000000,0x00000000cd617438,0x00000000cd680000)
}
Event: 16,638 GC heap before
{Heap before GC invocations=53 (full 0):
 PSYoungGen      total 58368K, used 57984K [0x00000000f2200000, 0x00000000fe800000, 0x0000000100000000)
  eden space 57856K, 100% used [0x00000000f2200000,0x00000000f5a80000,0x00000000f5a80000)
  from space 512K, 25% used [0x00000000fe780000,0x00000000fe7a0000,0x00000000fe800000)
  to   space 512K, 0% used [0x00000000fe700000,0x00000000fe700000,0x00000000fe780000)
 ParOldGen       total 19456K, used 7812K [0x00000000d6600000, 0x00000000d7900000, 0x00000000f2200000)
  object space 19456K, 40% used [0x00000000d6600000,0x00000000d6da12f0,0x00000000d7900000)
 PSPermGen       total 23040K, used 22819K [0x00000000cc000000, 0x00000000cd680000, 0x00000000d6600000)
  object space 23040K, 99% used [0x00000000cc000000,0x00000000cd648ce8,0x00000000cd680000)
Event: 16,639 GC heap after
Heap after GC invocations=53 (full 0):
 PSYoungGen      total 56320K, used 240K [0x00000000f2200000, 0x00000000fe800000, 0x0000000100000000)
  eden space 55808K, 0% used [0x00000000f2200000,0x00000000f2200000,0x00000000f5880000)
  from space 512K, 46% used [0x00000000fe700000,0x00000000fe73c010,0x00000000fe780000)
  to   space 512K, 0% used [0x00000000fe780000,0x00000000fe780000,0x00000000fe800000)
 ParOldGen       total 19456K, used 7892K [0x00000000d6600000, 0x00000000d7900000, 0x00000000f2200000)
  object space 19456K, 40% used [0x00000000d6600000,0x00000000d6db52f0,0x00000000d7900000)
 PSPermGen       total 23040K, used 22819K [0x00000000cc000000, 0x00000000cd680000, 0x00000000d6600000)
  object space 23040K, 99% used [0x00000000cc000000,0x00000000cd648ce8,0x00000000cd680000)
}

