# JRE version: OpenJDK Runtime Environment (7.0_85-b01) (build 1.7.0_85-b01)
# Java VM: OpenJDK 64-Bit Server VM (24.85-b03 mixed mode linux-amd64 compressed oops)
Heap
 PSYoungGen      total 136192K, used 256K [0x00000000f2200000, 0x00000000fa980000, 0x0000000100000000)
  eden space 133632K, 0% used [0x00000000f2200000,0x00000000f2200000,0x00000000fa480000)
  from space 2560K, 10% used [0x00000000fa480000,0x00000000fa4c0000,0x00000000fa700000)
  to   space 2048K, 0% used [0x00000000fa780000,0x00000000fa780000,0x00000000fa980000)
 ParOldGen       total 19456K, used 5322K [0x00000000d6600000, 0x00000000d7900000, 0x00000000f2200000)
  object space 19456K, 27% used [0x00000000d6600000,0x00000000d6b32888,0x00000000d7900000)
 PSPermGen       total 21504K, used 20816K [0x00000000cc000000, 0x00000000cd500000, 0x00000000d6600000)
  object space 21504K, 96% used [0x00000000cc000000,0x00000000cd4540a0,0x00000000cd500000)
GC Heap History (10 events):
Event: 7,876 GC heap after
Heap after GC invocations=10 (full 0):
 PSYoungGen      total 54272K, used 2038K [0x00000000f2200000, 0x00000000f5a80000, 0x0000000100000000)
  eden space 52224K, 0% used [0x00000000f2200000,0x00000000f2200000,0x00000000f5500000)
  from space 2048K, 99% used [0x00000000f5780000,0x00000000f597db28,0x00000000f5980000)
  to   space 2560K, 0% used [0x00000000f5500000,0x00000000f5500000,0x00000000f5780000)
 ParOldGen       total 19456K, used 3139K [0x00000000d6600000, 0x00000000d7900000, 0x00000000f2200000)
  object space 19456K, 16% used [0x00000000d6600000,0x00000000d6910ff0,0x00000000d7900000)
 PSPermGen       total 21504K, used 18982K [0x00000000cc000000, 0x00000000cd500000, 0x00000000d6600000)
  object space 21504K, 88% used [0x00000000cc000000,0x00000000cd289b08,0x00000000cd500000)
}
Event: 8,677 GC heap before
{Heap before GC invocations=11 (full 0):
 PSYoungGen      total 54272K, used 54262K [0x00000000f2200000, 0x00000000f5a80000, 0x0000000100000000)
  eden space 52224K, 100% used [0x00000000f2200000,0x00000000f5500000,0x00000000f5500000)
  from space 2048K, 99% used [0x00000000f5780000,0x00000000f597db28,0x00000000f5980000)
  to   space 2560K, 0% used [0x00000000f5500000,0x00000000f5500000,0x00000000f5780000)
 ParOldGen       total 19456K, used 3139K [0x00000000d6600000, 0x00000000d7900000, 0x00000000f2200000)
  object space 19456K, 16% used [0x00000000d6600000,0x00000000d6910ff0,0x00000000d7900000)
 PSPermGen       total 21504K, used 19798K [0x00000000cc000000, 0x00000000cd500000, 0x00000000d6600000)
  object space 21504K, 92% used [0x00000000cc000000,0x00000000cd355960,0x00000000cd500000)
Event: 8,681 GC heap after
Heap after GC invocations=11 (full 0):
 PSYoungGen      total 54784K, used 536K [0x00000000f2200000, 0x00000000f7900000, 0x0000000100000000)
  eden space 52224K, 0% used [0x00000000f2200000,0x00000000f2200000,0x00000000f5500000)
  from space 2560K, 20% used [0x00000000f5500000,0x00000000f55863d8,0x00000000f5780000)
  to   space 2560K, 0% used [0x00000000f7680000,0x00000000f7680000,0x00000000f7900000)
 ParOldGen       total 19456K, used 4474K [0x00000000d6600000, 0x00000000d7900000, 0x00000000f2200000)
  object space 19456K, 22% used [0x00000000d6600000,0x00000000d6a5e888,0x00000000d7900000)
 PSPermGen       total 21504K, used 19798K [0x00000000cc000000, 0x00000000cd500000, 0x00000000d6600000)
  object space 21504K, 92% used [0x00000000cc000000,0x00000000cd355960,0x00000000cd500000)
}
Event: 8,873 GC heap before
{Heap before GC invocations=12 (full 0):
 PSYoungGen      total 54784K, used 52760K [0x00000000f2200000, 0x00000000f7900000, 0x0000000100000000)
  eden space 52224K, 100% used [0x00000000f2200000,0x00000000f5500000,0x00000000f5500000)
  from space 2560K, 20% used [0x00000000f5500000,0x00000000f55863d8,0x00000000f5780000)
  to   space 2560K, 0% used [0x00000000f7680000,0x00000000f7680000,0x00000000f7900000)
 ParOldGen       total 19456K, used 4474K [0x00000000d6600000, 0x00000000d7900000, 0x00000000f2200000)
  object space 19456K, 22% used [0x00000000d6600000,0x00000000d6a5e888,0x00000000d7900000)
 PSPermGen       total 21504K, used 19827K [0x00000000cc000000, 0x00000000cd500000, 0x00000000d6600000)
  object space 21504K, 92% used [0x00000000cc000000,0x00000000cd35cd90,0x00000000cd500000)
Event: 8,879 GC heap after
Heap after GC invocations=12 (full 0):
 PSYoungGen      total 86016K, used 192K [0x00000000f2200000, 0x00000000f7a00000, 0x0000000100000000)
  eden space 83456K, 0% used [0x00000000f2200000,0x00000000f2200000,0x00000000f7380000)
  from space 2560K, 7% used [0x00000000f7680000,0x00000000f76b0000,0x00000000f7900000)
  to   space 3072K, 0% used [0x00000000f7380000,0x00000000f7380000,0x00000000f7680000)
 ParOldGen       total 19456K, used 4762K [0x00000000d6600000, 0x00000000d7900000, 0x00000000f2200000)
  object space 19456K, 24% used [0x00000000d6600000,0x00000000d6aa6888,0x00000000d7900000)
 PSPermGen       total 21504K, used 19827K [0x00000000cc000000, 0x00000000cd500000, 0x00000000d6600000)
  object space 21504K, 92% used [0x00000000cc000000,0x00000000cd35cd90,0x00000000cd500000)
}
Event: 9,262 GC heap before
{Heap before GC invocations=13 (full 0):
 PSYoungGen      total 86016K, used 83648K [0x00000000f2200000, 0x00000000f7a00000, 0x0000000100000000)
  eden space 83456K, 100% used [0x00000000f2200000,0x00000000f7380000,0x00000000f7380000)
  from space 2560K, 7% used [0x00000000f7680000,0x00000000f76b0000,0x00000000f7900000)
  to   space 3072K, 0% used [0x00000000f7380000,0x00000000f7380000,0x00000000f7680000)
 ParOldGen       total 19456K, used 4762K [0x00000000d6600000, 0x00000000d7900000, 0x00000000f2200000)
  object space 19456K, 24% used [0x00000000d6600000,0x00000000d6aa6888,0x00000000d7900000)
 PSPermGen       total 21504K, used 20221K [0x00000000cc000000, 0x00000000cd500000, 0x00000000d6600000)
  object space 21504K, 94% used [0x00000000cc000000,0x00000000cd3bf570,0x00000000cd500000)
Event: 9,267 GC heap after
Heap after GC invocations=13 (full 0):
 PSYoungGen      total 86528K, used 480K [0x00000000f2200000, 0x00000000faa80000, 0x0000000100000000)
  eden space 83456K, 0% used [0x00000000f2200000,0x00000000f2200000,0x00000000f7380000)
  from space 3072K, 15% used [0x00000000f7380000,0x00000000f73f8000,0x00000000f7680000)
  to   space 3072K, 0% used [0x00000000fa780000,0x00000000fa780000,0x00000000faa80000)
 ParOldGen       total 19456K, used 4834K [0x00000000d6600000, 0x00000000d7900000, 0x00000000f2200000)
  object space 19456K, 24% used [0x00000000d6600000,0x00000000d6ab8888,0x00000000d7900000)
 PSPermGen       total 21504K, used 20221K [0x00000000cc000000, 0x00000000cd500000, 0x00000000d6600000)
  object space 21504K, 94% used [0x00000000cc000000,0x00000000cd3bf570,0x00000000cd500000)
}
Event: 9,540 GC heap before
{Heap before GC invocations=14 (full 0):
 PSYoungGen      total 86528K, used 83936K [0x00000000f2200000, 0x00000000faa80000, 0x0000000100000000)
  eden space 83456K, 100% used [0x00000000f2200000,0x00000000f7380000,0x00000000f7380000)
  from space 3072K, 15% used [0x00000000f7380000,0x00000000f73f8000,0x00000000f7680000)
  to   space 3072K, 0% used [0x00000000fa780000,0x00000000fa780000,0x00000000faa80000)
 ParOldGen       total 19456K, used 4834K [0x00000000d6600000, 0x00000000d7900000, 0x00000000f2200000)
  object space 19456K, 24% used [0x00000000d6600000,0x00000000d6ab8888,0x00000000d7900000)
 PSPermGen       total 21504K, used 20397K [0x00000000cc000000, 0x00000000cd500000, 0x00000000d6600000)
  object space 21504K, 94% used [0x00000000cc000000,0x00000000cd3eb770,0x00000000cd500000)
Event: 9,543 GC heap after
Heap after GC invocations=14 (full 0):
 PSYoungGen      total 135680K, used 288K [0x00000000f2200000, 0x00000000fa980000, 0x0000000100000000)
  eden space 133632K, 0% used [0x00000000f2200000,0x00000000f2200000,0x00000000fa480000)
  from space 2048K, 14% used [0x00000000fa780000,0x00000000fa7c8000,0x00000000fa980000)
  to   space 2560K, 0% used [0x00000000fa480000,0x00000000fa480000,0x00000000fa700000)
 ParOldGen       total 19456K, used 5098K [0x00000000d6600000, 0x00000000d7900000, 0x00000000f2200000)
  object space 19456K, 26% used [0x00000000d6600000,0x00000000d6afa888,0x00000000d7900000)
 PSPermGen       total 21504K, used 20397K [0x00000000cc000000, 0x00000000cd500000, 0x00000000d6600000)
  object space 21504K, 94% used [0x00000000cc000000,0x00000000cd3eb770,0x00000000cd500000)
}
Event: 9,938 GC heap before
{Heap before GC invocations=15 (full 0):
 PSYoungGen      total 135680K, used 133920K [0x00000000f2200000, 0x00000000fa980000, 0x0000000100000000)
  eden space 133632K, 100% used [0x00000000f2200000,0x00000000fa480000,0x00000000fa480000)
  from space 2048K, 14% used [0x00000000fa780000,0x00000000fa7c8000,0x00000000fa980000)
  to   space 2560K, 0% used [0x00000000fa480000,0x00000000fa480000,0x00000000fa700000)
 ParOldGen       total 19456K, used 5098K [0x00000000d6600000, 0x00000000d7900000, 0x00000000f2200000)
  object space 19456K, 26% used [0x00000000d6600000,0x00000000d6afa888,0x00000000d7900000)
 PSPermGen       total 21504K, used 20816K [0x00000000cc000000, 0x00000000cd500000, 0x00000000d6600000)
  object space 21504K, 96% used [0x00000000cc000000,0x00000000cd4540a0,0x00000000cd500000)

